<?xml version="1.0" encoding="UTF-8"?>
<!-- Generated by org.testng.reporters.JUnitXMLReporter -->
<testsuite ignored="0" hostname="LTIN515427" failures="0" tests="7" name="ChromeTest" time="602.975" errors="0" timestamp="2024-05-08T17:40:45 IST">
  <testcase classname="testComponents.TC_001_FindingHospital" name="searchingHospital" time="41.43"/>
  <testcase classname="testComponents.TC_001_FindingHospital" name="gettingHospital" time="4.87"/>
  <testcase classname="testComponents.TC_002_SearchingDentists" name="searchingDentists" time="78.17"/>
  <testcase classname="testComponents.TC_002_SearchingDentists" name="gettingDentists" time="188.941"/>
  <testcase classname="testComponents.TC_003_DiagnosticsDetails" name="navigatingToDiagnostics" time="4.096"/>
  <testcase classname="testComponents.TC_004_CorporateWellness_ValidDetails" name="openingCorporateWellness" time="49.823"/>
  <testcase classname="testComponents.TC_004_CorporateWellness_InvalidDetails" name="checkingInvalidDetails1" time="33.863"/>
</testsuite> <!-- ChromeTest -->
