<?xml version="1.0" encoding="UTF-8"?>
<!-- Generated by org.testng.reporters.JUnitXMLReporter -->
<testsuite ignored="0" hostname="LTIN515427" failures="0" tests="7" name="EdgeTest" time="126.398" errors="0" timestamp="2024-05-06T00:57:36 IST">
  <testcase classname="testComponents.TC_001_FindingHospital" name="searchingHospital" time="9.555"/>
  <testcase classname="testComponents.TC_001_FindingHospital" name="gettingHospital" time="1.469"/>
  <testcase classname="testComponents.TC_002_SearchingDentists" name="searchingDentists" time="7.857"/>
  <testcase classname="testComponents.TC_002_SearchingDentists" name="gettingDentists" time="33.516"/>
  <testcase classname="testComponents.TC_003_DiagnosticsDetails" name="navigatingToDiagnostics" time="2.366"/>
  <testcase classname="testComponents.TC_004_CorporateWellness_ValidDetails" name="openingCorporateWellness" time="18.863"/>
  <testcase classname="testComponents.TC_004_CorporateWellness_InvalidDetails" name="checkingInvalidDetails1" time="4.758"/>
</testsuite> <!-- EdgeTest -->
